<?xml version="1.0" encoding="UTF-8"?>
<testsuite xmlns:xsi="http://www.w3.org/2001/XMLSchema-instance" xsi:noNamespaceSchemaLocation="https://maven.apache.org/surefire/maven-surefire-plugin/xsd/surefire-test-report.xsd" name="test.HibernateTest" time="6.317" tests="3" errors="0" skipped="0" failures="0">
  <properties>
[...]
</properties>
  <testcase name="UserTest" classname="test.HibernateTest" time="0.19"/>
  <testcase name="RoomTest" classname="test.HibernateTest" time="0.142"/>
  <testcase name="userRoomUpdateTest" classname="test.HibernateTest" time="0.338"/>
</testsuite>